[      12ms] [LOG] [Fast Refresh] rebuilding @ webpack-internal:///(pages-dir-browser)/./node_modules/.pnpm/next@15.5.18_@playwright+test@1.60.0_react-dom@19.1.0_react@19.1.0__react@19.1.0/node_modules/next/dist/client/dev/hot-reloader/pages/hot-reloader-pages.js:206
[     404ms] [LOG] [Fast Refresh] rebuilding @ webpack-internal:///(pages-dir-browser)/./node_modules/.pnpm/next@15.5.18_@playwright+test@1.60.0_react-dom@19.1.0_react@19.1.0__react@19.1.0/node_modules/next/dist/client/dev/hot-reloader/pages/hot-reloader-pages.js:206
[     446ms] [LOG] [Fast Refresh] done in 41ms @ webpack-internal:///(pages-dir-browser)/./node_modules/.pnpm/next@15.5.18_@playwright+test@1.60.0_react-dom@19.1.0_react@19.1.0__react@19.1.0/node_modules/next/dist/client/dev/report-hmr-latency.js:13
[    1765ms] [INFO] %cDownload the React DevTools for a better development experience: https://react.dev/link/react-devtools font-weight:bold @ webpack-internal:///(pages-dir-browser)/./node_modules/.pnpm/react-dom@19.1.0_react@19.1.0/node_modules/react-dom/cjs/react-dom-client.development.js:24868
[    1810ms] [LOG] [HMR] connected @ webpack-internal:///(pages-dir-browser)/./node_modules/.pnpm/next@15.5.18_@playwright+test@1.60.0_react-dom@19.1.0_react@19.1.0__react@19.1.0/node_modules/next/dist/client/dev/hot-reloader/pages/websocket.js:45
[    1816ms] [LOG] [Fast Refresh] rebuilding @ webpack-internal:///(pages-dir-browser)/./node_modules/.pnpm/next@15.5.18_@playwright+test@1.60.0_react-dom@19.1.0_react@19.1.0__react@19.1.0/node_modules/next/dist/client/dev/hot-reloader/pages/hot-reloader-pages.js:206
[    2093ms] [LOG] [Fast Refresh] rebuilding @ webpack-internal:///(pages-dir-browser)/./node_modules/.pnpm/next@15.5.18_@playwright+test@1.60.0_react-dom@19.1.0_react@19.1.0__react@19.1.0/node_modules/next/dist/client/dev/hot-reloader/pages/hot-reloader-pages.js:206
[    2254ms] [LOG] [Fast Refresh] rebuilding @ webpack-internal:///(pages-dir-browser)/./node_modules/.pnpm/next@15.5.18_@playwright+test@1.60.0_react-dom@19.1.0_react@19.1.0__react@19.1.0/node_modules/next/dist/client/dev/hot-reloader/pages/hot-reloader-pages.js:206
[    2386ms] [LOG] [Fast Refresh] rebuilding @ webpack-internal:///(pages-dir-browser)/./node_modules/.pnpm/next@15.5.18_@playwright+test@1.60.0_react-dom@19.1.0_react@19.1.0__react@19.1.0/node_modules/next/dist/client/dev/hot-reloader/pages/hot-reloader-pages.js:206
[    2514ms] [LOG] [Fast Refresh] rebuilding @ webpack-internal:///(pages-dir-browser)/./node_modules/.pnpm/next@15.5.18_@playwright+test@1.60.0_react-dom@19.1.0_react@19.1.0__react@19.1.0/node_modules/next/dist/client/dev/hot-reloader/pages/hot-reloader-pages.js:206
[    2678ms] [LOG] [Fast Refresh] rebuilding @ webpack-internal:///(pages-dir-browser)/./node_modules/.pnpm/next@15.5.18_@playwright+test@1.60.0_react-dom@19.1.0_react@19.1.0__react@19.1.0/node_modules/next/dist/client/dev/hot-reloader/pages/hot-reloader-pages.js:206
[    2827ms] [LOG] [Fast Refresh] rebuilding @ webpack-internal:///(pages-dir-browser)/./node_modules/.pnpm/next@15.5.18_@playwright+test@1.60.0_react-dom@19.1.0_react@19.1.0__react@19.1.0/node_modules/next/dist/client/dev/hot-reloader/pages/hot-reloader-pages.js:206
[    2963ms] [LOG] [Fast Refresh] rebuilding @ webpack-internal:///(pages-dir-browser)/./node_modules/.pnpm/next@15.5.18_@playwright+test@1.60.0_react-dom@19.1.0_react@19.1.0__react@19.1.0/node_modules/next/dist/client/dev/hot-reloader/pages/hot-reloader-pages.js:206
[    3151ms] [LOG] [Fast Refresh] rebuilding @ webpack-internal:///(pages-dir-browser)/./node_modules/.pnpm/next@15.5.18_@playwright+test@1.60.0_react-dom@19.1.0_react@19.1.0__react@19.1.0/node_modules/next/dist/client/dev/hot-reloader/pages/hot-reloader-pages.js:206
[    3314ms] [LOG] [Fast Refresh] rebuilding @ webpack-internal:///(pages-dir-browser)/./node_modules/.pnpm/next@15.5.18_@playwright+test@1.60.0_react-dom@19.1.0_react@19.1.0__react@19.1.0/node_modules/next/dist/client/dev/hot-reloader/pages/hot-reloader-pages.js:206
[    3445ms] [LOG] [Fast Refresh] rebuilding @ webpack-internal:///(pages-dir-browser)/./node_modules/.pnpm/next@15.5.18_@playwright+test@1.60.0_react-dom@19.1.0_react@19.1.0__react@19.1.0/node_modules/next/dist/client/dev/hot-reloader/pages/hot-reloader-pages.js:206
[    3589ms] [LOG] [Fast Refresh] rebuilding @ webpack-internal:///(pages-dir-browser)/./node_modules/.pnpm/next@15.5.18_@playwright+test@1.60.0_react-dom@19.1.0_react@19.1.0__react@19.1.0/node_modules/next/dist/client/dev/hot-reloader/pages/hot-reloader-pages.js:206
[    3714ms] [LOG] [Fast Refresh] rebuilding @ webpack-internal:///(pages-dir-browser)/./node_modules/.pnpm/next@15.5.18_@playwright+test@1.60.0_react-dom@19.1.0_react@19.1.0__react@19.1.0/node_modules/next/dist/client/dev/hot-reloader/pages/hot-reloader-pages.js:206
[    3892ms] [LOG] [Fast Refresh] rebuilding @ webpack-internal:///(pages-dir-browser)/./node_modules/.pnpm/next@15.5.18_@playwright+test@1.60.0_react-dom@19.1.0_react@19.1.0__react@19.1.0/node_modules/next/dist/client/dev/hot-reloader/pages/hot-reloader-pages.js:206
[    4044ms] [LOG] [Fast Refresh] rebuilding @ webpack-internal:///(pages-dir-browser)/./node_modules/.pnpm/next@15.5.18_@playwright+test@1.60.0_react-dom@19.1.0_react@19.1.0__react@19.1.0/node_modules/next/dist/client/dev/hot-reloader/pages/hot-reloader-pages.js:206
[    4205ms] [LOG] [Fast Refresh] rebuilding @ webpack-internal:///(pages-dir-browser)/./node_modules/.pnpm/next@15.5.18_@playwright+test@1.60.0_react-dom@19.1.0_react@19.1.0__react@19.1.0/node_modules/next/dist/client/dev/hot-reloader/pages/hot-reloader-pages.js:206
[    4372ms] [LOG] [Fast Refresh] rebuilding @ webpack-internal:///(pages-dir-browser)/./node_modules/.pnpm/next@15.5.18_@playwright+test@1.60.0_react-dom@19.1.0_react@19.1.0__react@19.1.0/node_modules/next/dist/client/dev/hot-reloader/pages/hot-reloader-pages.js:206
[    4582ms] [LOG] [Fast Refresh] rebuilding @ webpack-internal:///(pages-dir-browser)/./node_modules/.pnpm/next@15.5.18_@playwright+test@1.60.0_react-dom@19.1.0_react@19.1.0__react@19.1.0/node_modules/next/dist/client/dev/hot-reloader/pages/hot-reloader-pages.js:206
[    4764ms] [LOG] [Fast Refresh] rebuilding @ webpack-internal:///(pages-dir-browser)/./node_modules/.pnpm/next@15.5.18_@playwright+test@1.60.0_react-dom@19.1.0_react@19.1.0__react@19.1.0/node_modules/next/dist/client/dev/hot-reloader/pages/hot-reloader-pages.js:206
[    4901ms] [LOG] [Fast Refresh] rebuilding @ webpack-internal:///(pages-dir-browser)/./node_modules/.pnpm/next@15.5.18_@playwright+test@1.60.0_react-dom@19.1.0_react@19.1.0__react@19.1.0/node_modules/next/dist/client/dev/hot-reloader/pages/hot-reloader-pages.js:206
[    5046ms] [LOG] [Fast Refresh] rebuilding @ webpack-internal:///(pages-dir-browser)/./node_modules/.pnpm/next@15.5.18_@playwright+test@1.60.0_react-dom@19.1.0_react@19.1.0__react@19.1.0/node_modules/next/dist/client/dev/hot-reloader/pages/hot-reloader-pages.js:206
[    5204ms] [LOG] [Fast Refresh] rebuilding @ webpack-internal:///(pages-dir-browser)/./node_modules/.pnpm/next@15.5.18_@playwright+test@1.60.0_react-dom@19.1.0_react@19.1.0__react@19.1.0/node_modules/next/dist/client/dev/hot-reloader/pages/hot-reloader-pages.js:206
[    5340ms] [LOG] [Fast Refresh] rebuilding @ webpack-internal:///(pages-dir-browser)/./node_modules/.pnpm/next@15.5.18_@playwright+test@1.60.0_react-dom@19.1.0_react@19.1.0__react@19.1.0/node_modules/next/dist/client/dev/hot-reloader/pages/hot-reloader-pages.js:206
[    5477ms] [LOG] [Fast Refresh] rebuilding @ webpack-internal:///(pages-dir-browser)/./node_modules/.pnpm/next@15.5.18_@playwright+test@1.60.0_react-dom@19.1.0_react@19.1.0__react@19.1.0/node_modules/next/dist/client/dev/hot-reloader/pages/hot-reloader-pages.js:206
[    5604ms] [LOG] [Fast Refresh] rebuilding @ webpack-internal:///(pages-dir-browser)/./node_modules/.pnpm/next@15.5.18_@playwright+test@1.60.0_react-dom@19.1.0_react@19.1.0__react@19.1.0/node_modules/next/dist/client/dev/hot-reloader/pages/hot-reloader-pages.js:206
[    5737ms] [LOG] [Fast Refresh] rebuilding @ webpack-internal:///(pages-dir-browser)/./node_modules/.pnpm/next@15.5.18_@playwright+test@1.60.0_react-dom@19.1.0_react@19.1.0__react@19.1.0/node_modules/next/dist/client/dev/hot-reloader/pages/hot-reloader-pages.js:206
[    5859ms] [LOG] [Fast Refresh] rebuilding @ webpack-internal:///(pages-dir-browser)/./node_modules/.pnpm/next@15.5.18_@playwright+test@1.60.0_react-dom@19.1.0_react@19.1.0__react@19.1.0/node_modules/next/dist/client/dev/hot-reloader/pages/hot-reloader-pages.js:206
[    5979ms] [LOG] [Fast Refresh] rebuilding @ webpack-internal:///(pages-dir-browser)/./node_modules/.pnpm/next@15.5.18_@playwright+test@1.60.0_react-dom@19.1.0_react@19.1.0__react@19.1.0/node_modules/next/dist/client/dev/hot-reloader/pages/hot-reloader-pages.js:206
[    6154ms] [LOG] [Fast Refresh] rebuilding @ webpack-internal:///(pages-dir-browser)/./node_modules/.pnpm/next@15.5.18_@playwright+test@1.60.0_react-dom@19.1.0_react@19.1.0__react@19.1.0/node_modules/next/dist/client/dev/hot-reloader/pages/hot-reloader-pages.js:206
[    6304ms] [LOG] [Fast Refresh] rebuilding @ webpack-internal:///(pages-dir-browser)/./node_modules/.pnpm/next@15.5.18_@playwright+test@1.60.0_react-dom@19.1.0_react@19.1.0__react@19.1.0/node_modules/next/dist/client/dev/hot-reloader/pages/hot-reloader-pages.js:206
[    6463ms] [LOG] [Fast Refresh] rebuilding @ webpack-internal:///(pages-dir-browser)/./node_modules/.pnpm/next@15.5.18_@playwright+test@1.60.0_react-dom@19.1.0_react@19.1.0__react@19.1.0/node_modules/next/dist/client/dev/hot-reloader/pages/hot-reloader-pages.js:206
[    6584ms] [LOG] [Fast Refresh] rebuilding @ webpack-internal:///(pages-dir-browser)/./node_modules/.pnpm/next@15.5.18_@playwright+test@1.60.0_react-dom@19.1.0_react@19.1.0__react@19.1.0/node_modules/next/dist/client/dev/hot-reloader/pages/hot-reloader-pages.js:206
[    6703ms] [LOG] [Fast Refresh] rebuilding @ webpack-internal:///(pages-dir-browser)/./node_modules/.pnpm/next@15.5.18_@playwright+test@1.60.0_react-dom@19.1.0_react@19.1.0__react@19.1.0/node_modules/next/dist/client/dev/hot-reloader/pages/hot-reloader-pages.js:206
[    6838ms] [LOG] [Fast Refresh] rebuilding @ webpack-internal:///(pages-dir-browser)/./node_modules/.pnpm/next@15.5.18_@playwright+test@1.60.0_react-dom@19.1.0_react@19.1.0__react@19.1.0/node_modules/next/dist/client/dev/hot-reloader/pages/hot-reloader-pages.js:206
[    6989ms] [LOG] [Fast Refresh] rebuilding @ webpack-internal:///(pages-dir-browser)/./node_modules/.pnpm/next@15.5.18_@playwright+test@1.60.0_react-dom@19.1.0_react@19.1.0__react@19.1.0/node_modules/next/dist/client/dev/hot-reloader/pages/hot-reloader-pages.js:206
[    7113ms] [LOG] [Fast Refresh] rebuilding @ webpack-internal:///(pages-dir-browser)/./node_modules/.pnpm/next@15.5.18_@playwright+test@1.60.0_react-dom@19.1.0_react@19.1.0__react@19.1.0/node_modules/next/dist/client/dev/hot-reloader/pages/hot-reloader-pages.js:206
[    7245ms] [LOG] [Fast Refresh] rebuilding @ webpack-internal:///(pages-dir-browser)/./node_modules/.pnpm/next@15.5.18_@playwright+test@1.60.0_react-dom@19.1.0_react@19.1.0__react@19.1.0/node_modules/next/dist/client/dev/hot-reloader/pages/hot-reloader-pages.js:206
[    7373ms] [LOG] [Fast Refresh] rebuilding @ webpack-internal:///(pages-dir-browser)/./node_modules/.pnpm/next@15.5.18_@playwright+test@1.60.0_react-dom@19.1.0_react@19.1.0__react@19.1.0/node_modules/next/dist/client/dev/hot-reloader/pages/hot-reloader-pages.js:206
[    7489ms] [LOG] [Fast Refresh] rebuilding @ webpack-internal:///(pages-dir-browser)/./node_modules/.pnpm/next@15.5.18_@playwright+test@1.60.0_react-dom@19.1.0_react@19.1.0__react@19.1.0/node_modules/next/dist/client/dev/hot-reloader/pages/hot-reloader-pages.js:206
[    7616ms] [LOG] [Fast Refresh] rebuilding @ webpack-internal:///(pages-dir-browser)/./node_modules/.pnpm/next@15.5.18_@playwright+test@1.60.0_react-dom@19.1.0_react@19.1.0__react@19.1.0/node_modules/next/dist/client/dev/hot-reloader/pages/hot-reloader-pages.js:206
[    7747ms] [LOG] [Fast Refresh] rebuilding @ webpack-internal:///(pages-dir-browser)/./node_modules/.pnpm/next@15.5.18_@playwright+test@1.60.0_react-dom@19.1.0_react@19.1.0__react@19.1.0/node_modules/next/dist/client/dev/hot-reloader/pages/hot-reloader-pages.js:206
[    7870ms] [LOG] [Fast Refresh] rebuilding @ webpack-internal:///(pages-dir-browser)/./node_modules/.pnpm/next@15.5.18_@playwright+test@1.60.0_react-dom@19.1.0_react@19.1.0__react@19.1.0/node_modules/next/dist/client/dev/hot-reloader/pages/hot-reloader-pages.js:206
[    7983ms] [LOG] [Fast Refresh] rebuilding @ webpack-internal:///(pages-dir-browser)/./node_modules/.pnpm/next@15.5.18_@playwright+test@1.60.0_react-dom@19.1.0_react@19.1.0__react@19.1.0/node_modules/next/dist/client/dev/hot-reloader/pages/hot-reloader-pages.js:206
[    8108ms] [LOG] [Fast Refresh] rebuilding @ webpack-internal:///(pages-dir-browser)/./node_modules/.pnpm/next@15.5.18_@playwright+test@1.60.0_react-dom@19.1.0_react@19.1.0__react@19.1.0/node_modules/next/dist/client/dev/hot-reloader/pages/hot-reloader-pages.js:206
[    8236ms] [LOG] [Fast Refresh] rebuilding @ webpack-internal:///(pages-dir-browser)/./node_modules/.pnpm/next@15.5.18_@playwright+test@1.60.0_react-dom@19.1.0_react@19.1.0__react@19.1.0/node_modules/next/dist/client/dev/hot-reloader/pages/hot-reloader-pages.js:206
[    8369ms] [LOG] [Fast Refresh] rebuilding @ webpack-internal:///(pages-dir-browser)/./node_modules/.pnpm/next@15.5.18_@playwright+test@1.60.0_react-dom@19.1.0_react@19.1.0__react@19.1.0/node_modules/next/dist/client/dev/hot-reloader/pages/hot-reloader-pages.js:206
[    8508ms] [LOG] [Fast Refresh] rebuilding @ webpack-internal:///(pages-dir-browser)/./node_modules/.pnpm/next@15.5.18_@playwright+test@1.60.0_react-dom@19.1.0_react@19.1.0__react@19.1.0/node_modules/next/dist/client/dev/hot-reloader/pages/hot-reloader-pages.js:206
[    8654ms] [LOG] [Fast Refresh] rebuilding @ webpack-internal:///(pages-dir-browser)/./node_modules/.pnpm/next@15.5.18_@playwright+test@1.60.0_react-dom@19.1.0_react@19.1.0__react@19.1.0/node_modules/next/dist/client/dev/hot-reloader/pages/hot-reloader-pages.js:206
[    8793ms] [LOG] [Fast Refresh] rebuilding @ webpack-internal:///(pages-dir-browser)/./node_modules/.pnpm/next@15.5.18_@playwright+test@1.60.0_react-dom@19.1.0_react@19.1.0__react@19.1.0/node_modules/next/dist/client/dev/hot-reloader/pages/hot-reloader-pages.js:206
[    8942ms] [LOG] [Fast Refresh] rebuilding @ webpack-internal:///(pages-dir-browser)/./node_modules/.pnpm/next@15.5.18_@playwright+test@1.60.0_react-dom@19.1.0_react@19.1.0__react@19.1.0/node_modules/next/dist/client/dev/hot-reloader/pages/hot-reloader-pages.js:206
[    9063ms] [LOG] [Fast Refresh] rebuilding @ webpack-internal:///(pages-dir-browser)/./node_modules/.pnpm/next@15.5.18_@playwright+test@1.60.0_react-dom@19.1.0_react@19.1.0__react@19.1.0/node_modules/next/dist/client/dev/hot-reloader/pages/hot-reloader-pages.js:206
[    9190ms] [LOG] [Fast Refresh] rebuilding @ webpack-internal:///(pages-dir-browser)/./node_modules/.pnpm/next@15.5.18_@playwright+test@1.60.0_react-dom@19.1.0_react@19.1.0__react@19.1.0/node_modules/next/dist/client/dev/hot-reloader/pages/hot-reloader-pages.js:206
[    9326ms] [LOG] [Fast Refresh] rebuilding @ webpack-internal:///(pages-dir-browser)/./node_modules/.pnpm/next@15.5.18_@playwright+test@1.60.0_react-dom@19.1.0_react@19.1.0__react@19.1.0/node_modules/next/dist/client/dev/hot-reloader/pages/hot-reloader-pages.js:206
[    9480ms] [LOG] [Fast Refresh] rebuilding @ webpack-internal:///(pages-dir-browser)/./node_modules/.pnpm/next@15.5.18_@playwright+test@1.60.0_react-dom@19.1.0_react@19.1.0__react@19.1.0/node_modules/next/dist/client/dev/hot-reloader/pages/hot-reloader-pages.js:206
[    9614ms] [LOG] [Fast Refresh] rebuilding @ webpack-internal:///(pages-dir-browser)/./node_modules/.pnpm/next@15.5.18_@playwright+test@1.60.0_react-dom@19.1.0_react@19.1.0__react@19.1.0/node_modules/next/dist/client/dev/hot-reloader/pages/hot-reloader-pages.js:206
[    9891ms] [LOG] [Fast Refresh] rebuilding @ webpack-internal:///(pages-dir-browser)/./node_modules/.pnpm/next@15.5.18_@playwright+test@1.60.0_react-dom@19.1.0_react@19.1.0__react@19.1.0/node_modules/next/dist/client/dev/hot-reloader/pages/hot-reloader-pages.js:206
[   10032ms] [LOG] [Fast Refresh] rebuilding @ webpack-internal:///(pages-dir-browser)/./node_modules/.pnpm/next@15.5.18_@playwright+test@1.60.0_react-dom@19.1.0_react@19.1.0__react@19.1.0/node_modules/next/dist/client/dev/hot-reloader/pages/hot-reloader-pages.js:206
[   10191ms] [LOG] [Fast Refresh] rebuilding @ webpack-internal:///(pages-dir-browser)/./node_modules/.pnpm/next@15.5.18_@playwright+test@1.60.0_react-dom@19.1.0_react@19.1.0__react@19.1.0/node_modules/next/dist/client/dev/hot-reloader/pages/hot-reloader-pages.js:206
[   10393ms] [LOG] [Fast Refresh] rebuilding @ webpack-internal:///(pages-dir-browser)/./node_modules/.pnpm/next@15.5.18_@playwright+test@1.60.0_react-dom@19.1.0_react@19.1.0__react@19.1.0/node_modules/next/dist/client/dev/hot-reloader/pages/hot-reloader-pages.js:206
[   10543ms] [LOG] [Fast Refresh] rebuilding @ webpack-internal:///(pages-dir-browser)/./node_modules/.pnpm/next@15.5.18_@playwright+test@1.60.0_react-dom@19.1.0_react@19.1.0__react@19.1.0/node_modules/next/dist/client/dev/hot-reloader/pages/hot-reloader-pages.js:206
[   10679ms] [LOG] [Fast Refresh] rebuilding @ webpack-internal:///(pages-dir-browser)/./node_modules/.pnpm/next@15.5.18_@playwright+test@1.60.0_react-dom@19.1.0_react@19.1.0__react@19.1.0/node_modules/next/dist/client/dev/hot-reloader/pages/hot-reloader-pages.js:206
[   10820ms] [LOG] [Fast Refresh] rebuilding @ webpack-internal:///(pages-dir-browser)/./node_modules/.pnpm/next@15.5.18_@playwright+test@1.60.0_react-dom@19.1.0_react@19.1.0__react@19.1.0/node_modules/next/dist/client/dev/hot-reloader/pages/hot-reloader-pages.js:206
[   10957ms] [LOG] [Fast Refresh] rebuilding @ webpack-internal:///(pages-dir-browser)/./node_modules/.pnpm/next@15.5.18_@playwright+test@1.60.0_react-dom@19.1.0_react@19.1.0__react@19.1.0/node_modules/next/dist/client/dev/hot-reloader/pages/hot-reloader-pages.js:206
[   11097ms] [LOG] [Fast Refresh] rebuilding @ webpack-internal:///(pages-dir-browser)/./node_modules/.pnpm/next@15.5.18_@playwright+test@1.60.0_react-dom@19.1.0_react@19.1.0__react@19.1.0/node_modules/next/dist/client/dev/hot-reloader/pages/hot-reloader-pages.js:206
[   11255ms] [LOG] [Fast Refresh] rebuilding @ webpack-internal:///(pages-dir-browser)/./node_modules/.pnpm/next@15.5.18_@playwright+test@1.60.0_react-dom@19.1.0_react@19.1.0__react@19.1.0/node_modules/next/dist/client/dev/hot-reloader/pages/hot-reloader-pages.js:206
[   11448ms] [LOG] [Fast Refresh] rebuilding @ webpack-internal:///(pages-dir-browser)/./node_modules/.pnpm/next@15.5.18_@playwright+test@1.60.0_react-dom@19.1.0_react@19.1.0__react@19.1.0/node_modules/next/dist/client/dev/hot-reloader/pages/hot-reloader-pages.js:206
[   11673ms] [LOG] [Fast Refresh] rebuilding @ webpack-internal:///(pages-dir-browser)/./node_modules/.pnpm/next@15.5.18_@playwright+test@1.60.0_react-dom@19.1.0_react@19.1.0__react@19.1.0/node_modules/next/dist/client/dev/hot-reloader/pages/hot-reloader-pages.js:206
[   11818ms] [LOG] [Fast Refresh] rebuilding @ webpack-internal:///(pages-dir-browser)/./node_modules/.pnpm/next@15.5.18_@playwright+test@1.60.0_react-dom@19.1.0_react@19.1.0__react@19.1.0/node_modules/next/dist/client/dev/hot-reloader/pages/hot-reloader-pages.js:206
[   11976ms] [LOG] [Fast Refresh] rebuilding @ webpack-internal:///(pages-dir-browser)/./node_modules/.pnpm/next@15.5.18_@playwright+test@1.60.0_react-dom@19.1.0_react@19.1.0__react@19.1.0/node_modules/next/dist/client/dev/hot-reloader/pages/hot-reloader-pages.js:206
[   12114ms] [LOG] [Fast Refresh] rebuilding @ webpack-internal:///(pages-dir-browser)/./node_modules/.pnpm/next@15.5.18_@playwright+test@1.60.0_react-dom@19.1.0_react@19.1.0__react@19.1.0/node_modules/next/dist/client/dev/hot-reloader/pages/hot-reloader-pages.js:206
[   12253ms] [LOG] [Fast Refresh] rebuilding @ webpack-internal:///(pages-dir-browser)/./node_modules/.pnpm/next@15.5.18_@playwright+test@1.60.0_react-dom@19.1.0_react@19.1.0__react@19.1.0/node_modules/next/dist/client/dev/hot-reloader/pages/hot-reloader-pages.js:206
[   12397ms] [LOG] [Fast Refresh] rebuilding @ webpack-internal:///(pages-dir-browser)/./node_modules/.pnpm/next@15.5.18_@playwright+test@1.60.0_react-dom@19.1.0_react@19.1.0__react@19.1.0/node_modules/next/dist/client/dev/hot-reloader/pages/hot-reloader-pages.js:206
[   12549ms] [LOG] [Fast Refresh] rebuilding @ webpack-internal:///(pages-dir-browser)/./node_modules/.pnpm/next@15.5.18_@playwright+test@1.60.0_react-dom@19.1.0_react@19.1.0__react@19.1.0/node_modules/next/dist/client/dev/hot-reloader/pages/hot-reloader-pages.js:206
[   12714ms] [LOG] [Fast Refresh] rebuilding @ webpack-internal:///(pages-dir-browser)/./node_modules/.pnpm/next@15.5.18_@playwright+test@1.60.0_react-dom@19.1.0_react@19.1.0__react@19.1.0/node_modules/next/dist/client/dev/hot-reloader/pages/hot-reloader-pages.js:206
[   12868ms] [LOG] [Fast Refresh] rebuilding @ webpack-internal:///(pages-dir-browser)/./node_modules/.pnpm/next@15.5.18_@playwright+test@1.60.0_react-dom@19.1.0_react@19.1.0__react@19.1.0/node_modules/next/dist/client/dev/hot-reloader/pages/hot-reloader-pages.js:206
[   13004ms] [LOG] [Fast Refresh] rebuilding @ webpack-internal:///(pages-dir-browser)/./node_modules/.pnpm/next@15.5.18_@playwright+test@1.60.0_react-dom@19.1.0_react@19.1.0__react@19.1.0/node_modules/next/dist/client/dev/hot-reloader/pages/hot-reloader-pages.js:206
[   13127ms] [LOG] [Fast Refresh] rebuilding @ webpack-internal:///(pages-dir-browser)/./node_modules/.pnpm/next@15.5.18_@playwright+test@1.60.0_react-dom@19.1.0_react@19.1.0__react@19.1.0/node_modules/next/dist/client/dev/hot-reloader/pages/hot-reloader-pages.js:206
[   13260ms] [LOG] [Fast Refresh] rebuilding @ webpack-internal:///(pages-dir-browser)/./node_modules/.pnpm/next@15.5.18_@playwright+test@1.60.0_react-dom@19.1.0_react@19.1.0__react@19.1.0/node_modules/next/dist/client/dev/hot-reloader/pages/hot-reloader-pages.js:206
[   13378ms] [LOG] [Fast Refresh] rebuilding @ webpack-internal:///(pages-dir-browser)/./node_modules/.pnpm/next@15.5.18_@playwright+test@1.60.0_react-dom@19.1.0_react@19.1.0__react@19.1.0/node_modules/next/dist/client/dev/hot-reloader/pages/hot-reloader-pages.js:206
[   13506ms] [LOG] [Fast Refresh] rebuilding @ webpack-internal:///(pages-dir-browser)/./node_modules/.pnpm/next@15.5.18_@playwright+test@1.60.0_react-dom@19.1.0_react@19.1.0__react@19.1.0/node_modules/next/dist/client/dev/hot-reloader/pages/hot-reloader-pages.js:206
[   13648ms] [LOG] [Fast Refresh] rebuilding @ webpack-internal:///(pages-dir-browser)/./node_modules/.pnpm/next@15.5.18_@playwright+test@1.60.0_react-dom@19.1.0_react@19.1.0__react@19.1.0/node_modules/next/dist/client/dev/hot-reloader/pages/hot-reloader-pages.js:206
[   13782ms] [LOG] [Fast Refresh] rebuilding @ webpack-internal:///(pages-dir-browser)/./node_modules/.pnpm/next@15.5.18_@playwright+test@1.60.0_react-dom@19.1.0_react@19.1.0__react@19.1.0/node_modules/next/dist/client/dev/hot-reloader/pages/hot-reloader-pages.js:206
[   13903ms] [LOG] [Fast Refresh] rebuilding @ webpack-internal:///(pages-dir-browser)/./node_modules/.pnpm/next@15.5.18_@playwright+test@1.60.0_react-dom@19.1.0_react@19.1.0__react@19.1.0/node_modules/next/dist/client/dev/hot-reloader/pages/hot-reloader-pages.js:206
[   14022ms] [LOG] [Fast Refresh] rebuilding @ webpack-internal:///(pages-dir-browser)/./node_modules/.pnpm/next@15.5.18_@playwright+test@1.60.0_react-dom@19.1.0_react@19.1.0__react@19.1.0/node_modules/next/dist/client/dev/hot-reloader/pages/hot-reloader-pages.js:206
[   14143ms] [LOG] [Fast Refresh] rebuilding @ webpack-internal:///(pages-dir-browser)/./node_modules/.pnpm/next@15.5.18_@playwright+test@1.60.0_react-dom@19.1.0_react@19.1.0__react@19.1.0/node_modules/next/dist/client/dev/hot-reloader/pages/hot-reloader-pages.js:206
[   14269ms] [LOG] [Fast Refresh] rebuilding @ webpack-internal:///(pages-dir-browser)/./node_modules/.pnpm/next@15.5.18_@playwright+test@1.60.0_react-dom@19.1.0_react@19.1.0__react@19.1.0/node_modules/next/dist/client/dev/hot-reloader/pages/hot-reloader-pages.js:206
[   14388ms] [LOG] [Fast Refresh] rebuilding @ webpack-internal:///(pages-dir-browser)/./node_modules/.pnpm/next@15.5.18_@playwright+test@1.60.0_react-dom@19.1.0_react@19.1.0__react@19.1.0/node_modules/next/dist/client/dev/hot-reloader/pages/hot-reloader-pages.js:206
[   14505ms] [LOG] [Fast Refresh] rebuilding @ webpack-internal:///(pages-dir-browser)/./node_modules/.pnpm/next@15.5.18_@playwright+test@1.60.0_react-dom@19.1.0_react@19.1.0__react@19.1.0/node_modules/next/dist/client/dev/hot-reloader/pages/hot-reloader-pages.js:206
[   14624ms] [LOG] [Fast Refresh] rebuilding @ webpack-internal:///(pages-dir-browser)/./node_modules/.pnpm/next@15.5.18_@playwright+test@1.60.0_react-dom@19.1.0_react@19.1.0__react@19.1.0/node_modules/next/dist/client/dev/hot-reloader/pages/hot-reloader-pages.js:206
[   14759ms] [LOG] [Fast Refresh] rebuilding @ webpack-internal:///(pages-dir-browser)/./node_modules/.pnpm/next@15.5.18_@playwright+test@1.60.0_react-dom@19.1.0_react@19.1.0__react@19.1.0/node_modules/next/dist/client/dev/hot-reloader/pages/hot-reloader-pages.js:206
[   14879ms] [LOG] [Fast Refresh] rebuilding @ webpack-internal:///(pages-dir-browser)/./node_modules/.pnpm/next@15.5.18_@playwright+test@1.60.0_react-dom@19.1.0_react@19.1.0__react@19.1.0/node_modules/next/dist/client/dev/hot-reloader/pages/hot-reloader-pages.js:206
[   14993ms] [LOG] [Fast Refresh] rebuilding @ webpack-internal:///(pages-dir-browser)/./node_modules/.pnpm/next@15.5.18_@playwright+test@1.60.0_react-dom@19.1.0_react@19.1.0__react@19.1.0/node_modules/next/dist/client/dev/hot-reloader/pages/hot-reloader-pages.js:206
[   15111ms] [LOG] [Fast Refresh] rebuilding @ webpack-internal:///(pages-dir-browser)/./node_modules/.pnpm/next@15.5.18_@playwright+test@1.60.0_react-dom@19.1.0_react@19.1.0__react@19.1.0/node_modules/next/dist/client/dev/hot-reloader/pages/hot-reloader-pages.js:206
[   15236ms] [LOG] [Fast Refresh] rebuilding @ webpack-internal:///(pages-dir-browser)/./node_modules/.pnpm/next@15.5.18_@playwright+test@1.60.0_react-dom@19.1.0_react@19.1.0__react@19.1.0/node_modules/next/dist/client/dev/hot-reloader/pages/hot-reloader-pages.js:206
[   15359ms] [LOG] [Fast Refresh] rebuilding @ webpack-internal:///(pages-dir-browser)/./node_modules/.pnpm/next@15.5.18_@playwright+test@1.60.0_react-dom@19.1.0_react@19.1.0__react@19.1.0/node_modules/next/dist/client/dev/hot-reloader/pages/hot-reloader-pages.js:206
[   15494ms] [LOG] [Fast Refresh] rebuilding @ webpack-internal:///(pages-dir-browser)/./node_modules/.pnpm/next@15.5.18_@playwright+test@1.60.0_react-dom@19.1.0_react@19.1.0__react@19.1.0/node_modules/next/dist/client/dev/hot-reloader/pages/hot-reloader-pages.js:206
[   15634ms] [LOG] [Fast Refresh] rebuilding @ webpack-internal:///(pages-dir-browser)/./node_modules/.pnpm/next@15.5.18_@playwright+test@1.60.0_react-dom@19.1.0_react@19.1.0__react@19.1.0/node_modules/next/dist/client/dev/hot-reloader/pages/hot-reloader-pages.js:206
[   15787ms] [LOG] [Fast Refresh] rebuilding @ webpack-internal:///(pages-dir-browser)/./node_modules/.pnpm/next@15.5.18_@playwright+test@1.60.0_react-dom@19.1.0_react@19.1.0__react@19.1.0/node_modules/next/dist/client/dev/hot-reloader/pages/hot-reloader-pages.js:206
[   15907ms] [LOG] [Fast Refresh] rebuilding @ webpack-internal:///(pages-dir-browser)/./node_modules/.pnpm/next@15.5.18_@playwright+test@1.60.0_react-dom@19.1.0_react@19.1.0__react@19.1.0/node_modules/next/dist/client/dev/hot-reloader/pages/hot-reloader-pages.js:206
[   16056ms] [LOG] [Fast Refresh] rebuilding @ webpack-internal:///(pages-dir-browser)/./node_modules/.pnpm/next@15.5.18_@playwright+test@1.60.0_react-dom@19.1.0_react@19.1.0__react@19.1.0/node_modules/next/dist/client/dev/hot-reloader/pages/hot-reloader-pages.js:206
[   16194ms] [LOG] [Fast Refresh] rebuilding @ webpack-internal:///(pages-dir-browser)/./node_modules/.pnpm/next@15.5.18_@playwright+test@1.60.0_react-dom@19.1.0_react@19.1.0__react@19.1.0/node_modules/next/dist/client/dev/hot-reloader/pages/hot-reloader-pages.js:206
[   16336ms] [LOG] [Fast Refresh] rebuilding @ webpack-internal:///(pages-dir-browser)/./node_modules/.pnpm/next@15.5.18_@playwright+test@1.60.0_react-dom@19.1.0_react@19.1.0__react@19.1.0/node_modules/next/dist/client/dev/hot-reloader/pages/hot-reloader-pages.js:206
[   16484ms] [LOG] [Fast Refresh] rebuilding @ webpack-internal:///(pages-dir-browser)/./node_modules/.pnpm/next@15.5.18_@playwright+test@1.60.0_react-dom@19.1.0_react@19.1.0__react@19.1.0/node_modules/next/dist/client/dev/hot-reloader/pages/hot-reloader-pages.js:206
[   16610ms] [LOG] [Fast Refresh] rebuilding @ webpack-internal:///(pages-dir-browser)/./node_modules/.pnpm/next@15.5.18_@playwright+test@1.60.0_react-dom@19.1.0_react@19.1.0__react@19.1.0/node_modules/next/dist/client/dev/hot-reloader/pages/hot-reloader-pages.js:206
[   16745ms] [LOG] [Fast Refresh] rebuilding @ webpack-internal:///(pages-dir-browser)/./node_modules/.pnpm/next@15.5.18_@playwright+test@1.60.0_react-dom@19.1.0_react@19.1.0__react@19.1.0/node_modules/next/dist/client/dev/hot-reloader/pages/hot-reloader-pages.js:206
[   58408ms] [LOG] [Fast Refresh] rebuilding @ webpack-internal:///(pages-dir-browser)/./node_modules/.pnpm/next@15.5.18_@playwright+test@1.60.0_react-dom@19.1.0_react@19.1.0__react@19.1.0/node_modules/next/dist/client/dev/hot-reloader/pages/hot-reloader-pages.js:206
[   58728ms] [LOG] [Fast Refresh] rebuilding @ webpack-internal:///(pages-dir-browser)/./node_modules/.pnpm/next@15.5.18_@playwright+test@1.60.0_react-dom@19.1.0_react@19.1.0__react@19.1.0/node_modules/next/dist/client/dev/hot-reloader/pages/hot-reloader-pages.js:206
[   58757ms] [LOG] [Fast Refresh] done in 28ms @ webpack-internal:///(pages-dir-browser)/./node_modules/.pnpm/next@15.5.18_@playwright+test@1.60.0_react-dom@19.1.0_react@19.1.0__react@19.1.0/node_modules/next/dist/client/dev/report-hmr-latency.js:13
[   59022ms] [LOG] [Fast Refresh] rebuilding @ webpack-internal:///(pages-dir-browser)/./node_modules/.pnpm/next@15.5.18_@playwright+test@1.60.0_react-dom@19.1.0_react@19.1.0__react@19.1.0/node_modules/next/dist/client/dev/hot-reloader/pages/hot-reloader-pages.js:206
[   59184ms] [LOG] [Fast Refresh] rebuilding @ webpack-internal:///(pages-dir-browser)/./node_modules/.pnpm/next@15.5.18_@playwright+test@1.60.0_react-dom@19.1.0_react@19.1.0__react@19.1.0/node_modules/next/dist/client/dev/hot-reloader/pages/hot-reloader-pages.js:206
[   59333ms] [LOG] [Fast Refresh] rebuilding @ webpack-internal:///(pages-dir-browser)/./node_modules/.pnpm/next@15.5.18_@playwright+test@1.60.0_react-dom@19.1.0_react@19.1.0__react@19.1.0/node_modules/next/dist/client/dev/hot-reloader/pages/hot-reloader-pages.js:206
[   59481ms] [LOG] [Fast Refresh] rebuilding @ webpack-internal:///(pages-dir-browser)/./node_modules/.pnpm/next@15.5.18_@playwright+test@1.60.0_react-dom@19.1.0_react@19.1.0__react@19.1.0/node_modules/next/dist/client/dev/hot-reloader/pages/hot-reloader-pages.js:206
[   59618ms] [LOG] [Fast Refresh] rebuilding @ webpack-internal:///(pages-dir-browser)/./node_modules/.pnpm/next@15.5.18_@playwright+test@1.60.0_react-dom@19.1.0_react@19.1.0__react@19.1.0/node_modules/next/dist/client/dev/hot-reloader/pages/hot-reloader-pages.js:206
